[2026-03-13 13:48:06] Pipeline start | models=['logreg', 'rf', 'svm'] grid_version=v1 n_jobs=4 resume=False skip_models=True skip_plots=False
[2026-03-13 13:48:06] SKIP plot:svm_linear_c:v1 (history file missing: 8yrs_search_history_svm.csv)
[2026-03-13 13:48:06] SKIP plot:svm_rbf_c:v1 (history file missing: 8yrs_search_history_svm.csv)
[2026-03-13 13:48:06] SKIP plot:svm_rbf_gamma:v1 (history file missing: 8yrs_search_history_svm.csv)
[2026-03-13 13:48:06] SKIP plot:svm_poly_degree:v1 (history file missing: 8yrs_search_history_svm.csv)
[2026-03-13 13:48:06] SKIP plot:logreg_lasso_c:v1 (history file missing: 8yrs_search_history_logreg.csv)
[2026-03-13 13:48:06] SKIP plot:logreg_ridge_c:v1 (history file missing: 8yrs_search_history_logreg.csv)
[2026-03-13 13:48:06] SKIP plot:logreg_pca_c:v1 (history file missing: 8yrs_search_history_logreg.csv)
[2026-03-13 13:48:06] SKIP plot:logreg_pca_ncomp:v1 (history file missing: 8yrs_search_history_logreg.csv)
[2026-03-13 13:48:06] SKIP plot:rf_base_depth:v1 (history file missing: 8yrs_search_history_rf.csv)
[2026-03-13 13:48:06] SKIP plot:rf_base_nest:v1 (history file missing: 8yrs_search_history_rf.csv)
[2026-03-13 13:48:06] SKIP plot:rf_pca_ncomp:v1 (history file missing: 8yrs_search_history_rf.csv)
[2026-03-13 13:48:06] SKIP plot:rf_lasso_c:v1 (history file missing: 8yrs_search_history_rf.csv)
[2026-03-13 13:48:06] SKIP plot:rf_ridge_c:v1 (history file missing: 8yrs_search_history_rf.csv)
[2026-03-13 13:48:06] Pipeline finished.
[2026-03-14 03:59:38] Pipeline start | models=['base', 'base_rf', 'base_svm', 'base_nn', 'logreg', 'rf', 'svm', 'nn'] grid_version=v1 n_jobs=6 resume=True skip_models=False skip_plots=False
[2026-03-14 03:59:38] START stage: model:base:v1
[2026-03-14 04:05:08] DONE stage: model:base:v1 (329.9s)
[2026-03-14 04:05:08] START stage: model:base_rf:v1
[2026-03-14 04:53:10] DONE stage: model:base_rf:v1 (2882.5s)
[2026-03-14 04:53:10] START stage: model:base_svm:v1
[2026-03-14 05:00:12] DONE stage: model:base_svm:v1 (421.8s)
[2026-03-14 05:00:12] START stage: model:base_nn:v1
[2026-03-14 05:00:15] FAIL stage: model:base_nn:v1 (rc=1, 2.9s)
[2026-03-14 05:00:15] START stage: model:logreg:v1
[2026-03-14 05:09:07] DONE stage: model:logreg:v1 (531.8s)
[2026-03-14 05:09:07] START stage: model:rf:v1
[2026-03-14 14:26:56] FAIL stage: model:rf:v1 (rc=1, 33469.3s)
[2026-03-14 14:26:56] START stage: model:svm:v1
[2026-03-14 15:22:57] FAIL stage: model:svm:v1 (rc=1, 3361.2s)
[2026-03-14 15:22:57] START stage: model:nn:v1
[2026-03-14 15:23:00] FAIL stage: model:nn:v1 (rc=1, 2.8s)
[2026-03-14 15:23:00] START stage: plot:svm_linear_c:v1
[2026-03-14 15:23:01] DONE stage: plot:svm_linear_c:v1 (1.3s)
[2026-03-14 15:23:01] SKIP plot:svm_rbf_c:v1 (no matching rows for model_name/grid_version/x_param)
[2026-03-14 15:23:01] SKIP plot:svm_rbf_gamma:v1 (missing column(s): ['param_classifier__gamma'])
[2026-03-14 15:23:01] SKIP plot:svm_poly_degree:v1 (missing column(s): ['param_classifier__degree'])
[2026-03-14 15:23:01] SKIP plot:logreg_lasso_c:v1 (missing column(s): ['param_classifier__C'])
[2026-03-14 15:23:01] SKIP plot:logreg_ridge_c:v1 (missing column(s): ['param_classifier__C'])
[2026-03-14 15:23:01] SKIP plot:logreg_pca_c:v1 (missing column(s): ['param_classifier__C'])
[2026-03-14 15:23:01] START stage: plot:logreg_pca_ncomp:v1
[2026-03-14 15:23:03] DONE stage: plot:logreg_pca_ncomp:v1 (1.1s)
[2026-03-14 15:23:03] SKIP plot:rf_base_depth:v1 (missing column(s): ['param_classifier__max_depth'])
[2026-03-14 15:23:03] SKIP plot:rf_base_nest:v1 (missing column(s): ['param_classifier__n_estimators'])
[2026-03-14 15:23:03] SKIP plot:rf_lasso_c:v1 (missing column(s): ['param_feature_selector__estimator__C'])
[2026-03-14 15:23:03] SKIP plot:rf_ridge_c:v1 (missing column(s): ['param_feature_selector__estimator__C'])
[2026-03-14 15:23:03] Pipeline finished.
