[2026-03-09 03:43:22] Pipeline start | models=['svm', 'logreg', 'rf'] variants=['left', 'right'] grid_version=v1 n_jobs=4 resume=True skip_models=False skip_plots=False
[2026-03-09 03:43:22] START stage: model:svm:v1_left
[2026-03-09 03:44:10] DONE stage: model:svm:v1_left (47.9s)
[2026-03-09 03:44:10] START stage: model:logreg:v1_left
[2026-03-09 03:44:15] DONE stage: model:logreg:v1_left (5.1s)
[2026-03-09 03:44:15] START stage: model:rf:v1_left
[2026-03-09 03:56:41] DONE stage: model:rf:v1_left (746.4s)
[2026-03-09 03:56:41] START stage: model:svm:v1_right
[2026-03-09 03:57:52] DONE stage: model:svm:v1_right (71.0s)
[2026-03-09 03:57:52] START stage: model:logreg:v1_right
[2026-03-09 03:57:58] DONE stage: model:logreg:v1_right (5.4s)
[2026-03-09 03:57:58] START stage: model:rf:v1_right
[2026-03-09 08:10:53] Pipeline start | models=['svm', 'logreg', 'rf'] variants=['left', 'right'] grid_version=v1 n_jobs=-1 resume=True skip_models=False skip_plots=False
[2026-03-09 08:10:53] SKIP completed stage: model:svm:v1_left
[2026-03-09 08:10:53] SKIP completed stage: model:logreg:v1_left
[2026-03-09 08:10:53] SKIP completed stage: model:rf:v1_left
[2026-03-09 08:10:53] SKIP completed stage: model:svm:v1_right
[2026-03-09 08:10:53] SKIP completed stage: model:logreg:v1_right
[2026-03-09 08:10:53] START stage: model:rf:v1_right
[2026-03-09 08:11:00] FAIL stage: model:rf:v1_right (rc=1, 7.7s)
[2026-03-09 08:11:00] START stage: plot:svm_rbf_c:v1_left
[2026-03-09 08:11:01] FAIL stage: plot:svm_rbf_c:v1_left (rc=1, 0.5s)
[2026-03-09 08:11:01] START stage: plot:svm_rbf_gamma:v1_left
[2026-03-09 08:11:01] FAIL stage: plot:svm_rbf_gamma:v1_left (rc=1, 0.5s)
[2026-03-09 08:11:01] START stage: plot:svm_poly_degree:v1_left
[2026-03-09 08:11:02] FAIL stage: plot:svm_poly_degree:v1_left (rc=1, 0.5s)
[2026-03-09 08:11:02] START stage: plot:logreg_lasso_c:v1_left
[2026-03-09 08:11:02] DONE stage: plot:logreg_lasso_c:v1_left (0.6s)
[2026-03-09 08:11:02] START stage: plot:logreg_ridge_c:v1_left
[2026-03-09 08:11:03] DONE stage: plot:logreg_ridge_c:v1_left (0.6s)
[2026-03-09 08:11:03] START stage: plot:logreg_pca_c:v1_left
[2026-03-09 08:11:03] FAIL stage: plot:logreg_pca_c:v1_left (rc=1, 0.4s)
[2026-03-09 08:11:03] START stage: plot:logreg_pca_ncomp:v1_left
[2026-03-09 08:11:04] FAIL stage: plot:logreg_pca_ncomp:v1_left (rc=1, 0.4s)
[2026-03-09 08:11:04] START stage: plot:rf_base_depth:v1_left
[2026-03-09 08:11:04] DONE stage: plot:rf_base_depth:v1_left (0.6s)
[2026-03-09 08:11:04] START stage: plot:rf_base_nest:v1_left
[2026-03-09 08:11:05] DONE stage: plot:rf_base_nest:v1_left (0.7s)
[2026-03-09 08:11:05] START stage: plot:rf_lasso_c:v1_left
[2026-03-09 08:11:06] FAIL stage: plot:rf_lasso_c:v1_left (rc=1, 0.4s)
[2026-03-09 08:11:06] START stage: plot:rf_ridge_c:v1_left
[2026-03-09 08:11:06] FAIL stage: plot:rf_ridge_c:v1_left (rc=1, 0.4s)
[2026-03-09 08:11:06] START stage: plot:svm_rbf_c:v1_right
[2026-03-09 08:11:06] FAIL stage: plot:svm_rbf_c:v1_right (rc=1, 0.4s)
[2026-03-09 08:11:06] START stage: plot:svm_rbf_gamma:v1_right
[2026-03-09 08:11:07] FAIL stage: plot:svm_rbf_gamma:v1_right (rc=1, 0.5s)
[2026-03-09 08:11:07] START stage: plot:svm_poly_degree:v1_right
[2026-03-09 08:11:07] FAIL stage: plot:svm_poly_degree:v1_right (rc=1, 0.4s)
[2026-03-09 08:11:07] START stage: plot:logreg_lasso_c:v1_right
[2026-03-09 08:11:08] DONE stage: plot:logreg_lasso_c:v1_right (0.6s)
[2026-03-09 08:11:08] START stage: plot:logreg_ridge_c:v1_right
[2026-03-09 08:11:08] DONE stage: plot:logreg_ridge_c:v1_right (0.6s)
[2026-03-09 08:11:08] START stage: plot:logreg_pca_c:v1_right
[2026-03-09 08:11:09] FAIL stage: plot:logreg_pca_c:v1_right (rc=1, 0.4s)
[2026-03-09 08:11:09] START stage: plot:logreg_pca_ncomp:v1_right
[2026-03-09 08:11:09] FAIL stage: plot:logreg_pca_ncomp:v1_right (rc=1, 0.4s)
[2026-03-09 08:11:09] START stage: plot:rf_base_depth:v1_right
[2026-03-09 08:11:10] DONE stage: plot:rf_base_depth:v1_right (0.6s)
[2026-03-09 08:11:10] START stage: plot:rf_base_nest:v1_right
[2026-03-09 08:11:11] DONE stage: plot:rf_base_nest:v1_right (0.6s)
[2026-03-09 08:11:11] START stage: plot:rf_lasso_c:v1_right
[2026-03-09 08:11:11] FAIL stage: plot:rf_lasso_c:v1_right (rc=1, 0.4s)
[2026-03-09 08:11:11] START stage: plot:rf_ridge_c:v1_right
[2026-03-09 08:11:11] FAIL stage: plot:rf_ridge_c:v1_right (rc=1, 0.4s)
[2026-03-09 08:11:11] Pipeline finished.
[2026-03-09 08:14:11] Pipeline start | models=['svm', 'logreg', 'rf'] variants=['left', 'right'] grid_version=v1 n_jobs=-1 resume=True skip_models=False skip_plots=False
[2026-03-09 08:14:11] SKIP completed stage: model:svm:v1_left
[2026-03-09 08:14:11] SKIP completed stage: model:logreg:v1_left
[2026-03-09 08:14:11] SKIP completed stage: model:rf:v1_left
[2026-03-09 08:14:11] SKIP completed stage: model:svm:v1_right
[2026-03-09 08:14:11] SKIP completed stage: model:logreg:v1_right
[2026-03-09 08:14:11] START stage: model:rf:v1_right
[2026-03-09 10:55:09] Pipeline start | models=['svm', 'logreg', 'rf'] variants=['left', 'center', 'right'] grid_version=v1 n_jobs=-1 resume=True skip_models=False skip_plots=False
[2026-03-09 10:55:09] SKIP completed stage: model:svm:v1_left
[2026-03-09 10:55:09] SKIP completed stage: model:logreg:v1_left
[2026-03-09 10:55:09] SKIP completed stage: model:rf:v1_left
[2026-03-09 10:55:09] START stage: model:svm:v1_center
[2026-03-09 10:55:18] DONE stage: model:svm:v1_center (8.2s)
[2026-03-09 10:55:18] START stage: model:logreg:v1_center
[2026-03-09 10:55:23] DONE stage: model:logreg:v1_center (5.1s)
[2026-03-09 10:55:23] START stage: model:rf:v1_center
[2026-03-09 10:56:42] DONE stage: model:rf:v1_center (78.7s)
[2026-03-09 10:56:42] SKIP completed stage: model:svm:v1_right
[2026-03-09 10:56:42] SKIP completed stage: model:logreg:v1_right
[2026-03-09 10:56:42] START stage: model:rf:v1_right
