
[2026-03-09 03:57:58] CMD: /Library/Frameworks/Python.framework/Versions/3.13/bin/python3 /Users/tranghanguyen/STAT-587-Final-Project/PyScripts/Models/random_forest.py
[2026-03-09 03:57:58] ENV: MODEL_N_JOBS=4 GRID_VARIANT=right GRID_VERSION=v1
/Users/tranghanguyen/STAT-587-Final-Project/PyScripts/Models/H_eval.py:228: UserWarning: FigureCanvasAgg is non-interactive, and thus cannot be shown
  plt.show()
/Users/tranghanguyen/STAT-587-Final-Project/PyScripts/Models/H_eval.py:228: UserWarning: FigureCanvasAgg is non-interactive, and thus cannot be shown
  plt.show()
/Users/tranghanguyen/STAT-587-Final-Project/PyScripts/Models/H_eval.py:228: UserWarning: FigureCanvasAgg is non-interactive, and thus cannot be shown
  plt.show()
/Users/tranghanguyen/STAT-587-Final-Project/PyScripts/Models/H_eval.py:228: UserWarning: FigureCanvasAgg is non-interactive, and thus cannot be shown
  plt.show()
[Parallel(n_jobs=-1)]: Using backend LokyBackend with 8 concurrent workers.
MODEL_N_JOBS=4 (set env MODEL_N_JOBS to override)
GRID_VARIANT=right (left/center/right)
GRID_VERSION=v1
------- Downloading Data
Finished Downloading Data -------
Initial shape: 2010 rows, 2520 columns.
------- Cleaning data
Finished Cleaning Data -------
Current shape: 2010 rows, 2390 columns.
Created Percent Changes.
Created Target (Regression).
---EXTRA---: Created Day of Week.
---EXTRA---: Created Daily Range.
------- Finding Optimal lag_period Value
Total Unique Cleaning Combinations to test: 9
Optimal data_clean() parameters: {'lag_period': [2, 3], 'sector': True, 'corr_level': 2}
Best Utility Score (lag_period): 0.516
Best lag_period: [2, 3]
------- Finding Optimal lookback_period Value
Total Unique Cleaning Combinations to test: 7
Optimal data_clean() parameters: {'lookback_period': 17, 'sector': True, 'corr_level': 2}
Best Utility Score (lookback_period): 0.529
Best lookback_period: 17
------- Finding Optimal data_clean() Parameters
Total Unique Cleaning Combinations to test: 48
Optimal data_clean() parameters: {'raw': False, 'extra_features': False, 'lag_period': [2, 3], 'lookback_period': 17, 'sector': True, 'corr_level': 2, 'corr_threshold': 0.9}
Best Utility Score 0.549
Optimal parameter {'raw': False, 'extra_features': False, 'lag_period': [2, 3], 'lookback_period': 17, 'sector': True, 'corr_level': 2, 'corr_threshold': 0.9}
------- Generating Necessary Features
Created Lag.
Created EMA, Rolling Volatility (Scaled) and Rolling Z-Score.
Created Max/Min Channel Positions/
Created Rolling Volume Weighted Average Price.
Cleaned up Unnecessary Columns.
Created Target (Classification)
Cleaned up remaining/resulting NA values.
---EXTRA---: Grouped Features by Sector Averages.
Current shape: 1992 rows, 187 columns.
---EXTRA---: (corr_level=2) Dropped 24 highly correlated feature columns.
Predictors, and Target (Regression) successfully split.
Finished Generating Features -------
Final shape (X): 1992 rows, 163 columns.
Final shape (y_regression): 1992 rows, 1 columns.


------- Base RF Model -------
Rolling Window Backtest over 44 iterations.
22.73% complete. Current iteration: 10, True iteration: 361
45.45% complete. Current iteration: 20, True iteration: 761
68.18% complete. Current iteration: 30, True iteration: 1161
90.91% complete. Current iteration: 40, True iteration: 1561
Average Rolling Accuracy (train) (rwb): 0.5000 (±0.0699)
Average Rolling Accuracy (test)  (rwb): 0.5028 (±0.0870)
--- Model Report ---
Avg CV Train Accuracy:          0.9819 (±0.0140)
Avg CV Validation Accuracy:  0.5109 (±0.0235)
Avg CV Validation Precision: 0.5451
Avg CV Validation Recall:    0.6049
Final Hold-out (Test) Score (Accuracy): 0.4937
Positive Prediction Rate (Test):        0.5213
True Up Rate (Test):   0.5410
Up Precision (Test):   0.5340
Up Edge Rate (Test):   -0.0070
True Down Rate (Test): 0.4590
Down Precision (Test): 0.4500
Down Edge Rate (Test): -0.0090
             Predicted Down  Predicted Up
Actual Down              86            97
Actual Up               105           111
Utility Score 0.494
Downloaded results to /Users/tranghanguyen/STAT-587-Final-Project/output/results/results.csv


------- PCA RF Model -------
Rolling Window Backtest over 44 iterations.
22.73% complete. Current iteration: 10, True iteration: 361
45.45% complete. Current iteration: 20, True iteration: 761
68.18% complete. Current iteration: 30, True iteration: 1161
90.91% complete. Current iteration: 40, True iteration: 1561
Average Rolling Accuracy (train) (rwb): 0.5214 (±0.0782)
Average Rolling Accuracy (test)  (rwb): 0.5278 (±0.0878)
--- Model Report ---
Avg CV Train Accuracy:          1.0000 (±0.0000)
Avg CV Validation Accuracy:  0.5343 (±0.0241)
Avg CV Validation Precision: 0.55
Avg CV Validation Recall:    0.8142
Final Hold-out (Test) Score (Accuracy): 0.5363
Positive Prediction Rate (Test):        0.8947
True Up Rate (Test):   0.5410
Up Precision (Test):   0.5430
Up Edge Rate (Test):   0.0020
True Down Rate (Test): 0.4590
Down Precision (Test): 0.4760
Down Edge Rate (Test): 0.0170
             Predicted Down  Predicted Up
Actual Down              20           163
Actual Up                22           194
Utility Score 0.536
Downloaded results to /Users/tranghanguyen/STAT-587-Final-Project/output/results/results.csv


------- LASSO RF Model -------
Rolling Window Backtest over 44 iterations.
22.73% complete. Current iteration: 10, True iteration: 361
45.45% complete. Current iteration: 20, True iteration: 761
68.18% complete. Current iteration: 30, True iteration: 1161
90.91% complete. Current iteration: 40, True iteration: 1561
Average Rolling Accuracy (train) (rwb): 0.4971 (±0.0726)
Average Rolling Accuracy (test)  (rwb): 0.5000 (±0.0782)
--- Model Report ---
Avg CV Train Accuracy:          0.9840 (±0.0121)
Avg CV Validation Accuracy:  0.5064 (±0.0271)
Avg CV Validation Precision: 0.5439
Avg CV Validation Recall:    0.6064
Final Hold-out (Test) Score (Accuracy): 0.5113
Positive Prediction Rate (Test):        0.5038
True Up Rate (Test):   0.5410
Up Precision (Test):   0.5520
Up Edge Rate (Test):   0.0110
True Down Rate (Test): 0.4590
Down Precision (Test): 0.4700
Down Edge Rate (Test): 0.0110
             Predicted Down  Predicted Up
Actual Down              93            90
Actual Up               105           111
Utility Score 0.511
Downloaded results to /Users/tranghanguyen/STAT-587-Final-Project/output/results/results.csv


------- RIDGE RF Model -------
Rolling Window Backtest over 44 iterations.
22.73% complete. Current iteration: 10, True iteration: 361
45.45% complete. Current iteration: 20, True iteration: 761
68.18% complete. Current iteration: 30, True iteration: 1161
90.91% complete. Current iteration: 40, True iteration: 1561
Average Rolling Accuracy (train) (rwb): 0.5129 (±0.0782)
Average Rolling Accuracy (test)  (rwb): 0.4833 (±0.0842)
--- Model Report ---
Avg CV Train Accuracy:          1.0000 (±0.0000)
Avg CV Validation Accuracy:  0.5087 (±0.0312)
Avg CV Validation Precision: 0.5394
Avg CV Validation Recall:    0.6465
Final Hold-out (Test) Score (Accuracy): 0.5338
Positive Prediction Rate (Test):        0.6967
True Up Rate (Test):   0.5410
Up Precision (Test):   0.5540
Up Edge Rate (Test):   0.0130
True Down Rate (Test): 0.4590
Down Precision (Test): 0.4880
Down Edge Rate (Test): 0.0290
             Predicted Down  Predicted Up
Actual Down              59           124
Actual Up                62           154
Utility Score 0.534
Downloaded results to /Users/tranghanguyen/STAT-587-Final-Project/output/results/results.csv


------- LASSO(internal) -> STEP-WISE REGRESSION RF Model -------
------- Applying Step-Wise Regression (WFV)
[Parallel(n_jobs=-1)]: Done  25 tasks      | elapsed:   14.7s
[Parallel(n_jobs=-1)]: Done 100 out of 100 | elapsed:   42.6s finished

[2026-03-09 04:09:26] Features: 1/39 -- score: 0.5368509212730318[Parallel(n_jobs=-1)]: Using backend LokyBackend with 8 concurrent workers.
[Parallel(n_jobs=-1)]: Done  25 tasks      | elapsed:   13.0s
[Parallel(n_jobs=-1)]: Done  99 out of  99 | elapsed:   41.5s finished

[2026-03-09 04:10:08] Features: 2/39 -- score: 0.5510887772194305[Parallel(n_jobs=-1)]: Using backend LokyBackend with 8 concurrent workers.
[Parallel(n_jobs=-1)]: Done  25 tasks      | elapsed:   14.5s
[Parallel(n_jobs=-1)]: Done  98 out of  98 | elapsed:   49.2s finished
[Parallel(n_jobs=-1)]: Using backend LokyBackend with 8 concurrent workers.
[Parallel(n_jobs=-1)]: Done   2 out of   2 | elapsed:    1.9s finished

[2026-03-09 04:10:59] Features: 3/39 -- score: 0.551926298157454[Parallel(n_jobs=-1)]: Using backend LokyBackend with 8 concurrent workers.
[Parallel(n_jobs=-1)]: Done  25 tasks      | elapsed:   20.0s
[Parallel(n_jobs=-1)]: Done  97 out of  97 | elapsed:   59.5s finished
[Parallel(n_jobs=-1)]: Using backend LokyBackend with 8 concurrent workers.
[Parallel(n_jobs=-1)]: Done   3 out of   3 | elapsed:    1.8s finished

[2026-03-09 04:12:01] Features: 4/39 -- score: 0.5477386934673366[Parallel(n_jobs=-1)]: Using backend LokyBackend with 8 concurrent workers.
[Parallel(n_jobs=-1)]: Done  25 tasks      | elapsed:   18.3s
[Parallel(n_jobs=-1)]: Done  96 out of  96 | elapsed:   55.2s finished
[Parallel(n_jobs=-1)]: Using backend LokyBackend with 8 concurrent workers.
[Parallel(n_jobs=-1)]: Done   4 out of   4 | elapsed:    3.2s finished

[2026-03-09 04:12:59] Features: 5/39 -- score: 0.5561139028475712[Parallel(n_jobs=-1)]: Using backend LokyBackend with 8 concurrent workers.
[Parallel(n_jobs=-1)]: Done  25 tasks      | elapsed:   17.8s
[Parallel(n_jobs=-1)]: Done  95 out of  95 | elapsed:   54.5s finished
[Parallel(n_jobs=-1)]: Using backend LokyBackend with 8 concurrent workers.
[Parallel(n_jobs=-1)]: Done   2 out of   5 | elapsed:    3.6s remaining:    5.3s
[Parallel(n_jobs=-1)]: Done   5 out of   5 | elapsed:    3.6s finished

[2026-03-09 04:13:58] Features: 6/39 -- score: 0.5619765494137354[Parallel(n_jobs=-1)]: Using backend LokyBackend with 8 concurrent workers.
[Parallel(n_jobs=-1)]: Done  25 tasks      | elapsed:   18.0s
[Parallel(n_jobs=-1)]: Done  94 out of  94 | elapsed:   52.6s finished
[Parallel(n_jobs=-1)]: Using backend LokyBackend with 8 concurrent workers.
[Parallel(n_jobs=-1)]: Done   3 out of   6 | elapsed:    3.6s remaining:    3.6s
[Parallel(n_jobs=-1)]: Done   6 out of   6 | elapsed:    3.6s finished

[2026-03-09 04:14:54] Features: 7/39 -- score: 0.5603015075376884[Parallel(n_jobs=-1)]: Using backend LokyBackend with 8 concurrent workers.
[Parallel(n_jobs=-1)]: Done  25 tasks      | elapsed:   16.9s
[Parallel(n_jobs=-1)]: Done  93 out of  93 | elapsed:   52.2s finished
[Parallel(n_jobs=-1)]: Using backend LokyBackend with 8 concurrent workers.
[Parallel(n_jobs=-1)]: Done   4 out of   7 | elapsed:    3.9s remaining:    2.9s
[Parallel(n_jobs=-1)]: Done   7 out of   7 | elapsed:    4.0s finished

[2026-03-09 04:15:51] Features: 8/39 -- score: 0.5653266331658292[Parallel(n_jobs=-1)]: Using backend LokyBackend with 8 concurrent workers.
[Parallel(n_jobs=-1)]: Done  25 tasks      | elapsed:   20.9s
[Parallel(n_jobs=-1)]: Done  92 out of  92 | elapsed:  1.0min finished
[Parallel(n_jobs=-1)]: Using backend LokyBackend with 8 concurrent workers.
[Parallel(n_jobs=-1)]: Done   3 out of   8 | elapsed:    4.5s remaining:    7.4s
[Parallel(n_jobs=-1)]: Done   8 out of   8 | elapsed:    4.6s finished

[2026-03-09 04:16:57] Features: 9/39 -- score: 0.5686767169179229[Parallel(n_jobs=-1)]: Using backend LokyBackend with 8 concurrent workers.
[Parallel(n_jobs=-1)]: Done  25 tasks      | elapsed:   21.6s
[Parallel(n_jobs=-1)]: Done  91 out of  91 | elapsed:  1.0min finished
[Parallel(n_jobs=-1)]: Using backend LokyBackend with 8 concurrent workers.
[Parallel(n_jobs=-1)]: Done   4 out of   9 | elapsed:    5.5s remaining:    6.9s
[Parallel(n_jobs=-1)]: Done   9 out of   9 | elapsed:    8.3s finished

[2026-03-09 04:18:09] Features: 10/39 -- score: 0.5728643216080401[Parallel(n_jobs=-1)]: Using backend LokyBackend with 8 concurrent workers.
[Parallel(n_jobs=-1)]: Done  25 tasks      | elapsed:   20.6s
[Parallel(n_jobs=-1)]: Done  90 out of  90 | elapsed:  1.0min finished
[Parallel(n_jobs=-1)]: Using backend LokyBackend with 8 concurrent workers.
[Parallel(n_jobs=-1)]: Done   7 out of  10 | elapsed:    5.2s remaining:    2.2s
[Parallel(n_jobs=-1)]: Done  10 out of  10 | elapsed:    8.2s finished

[2026-03-09 04:19:18] Features: 11/39 -- score: 0.5653266331658292[Parallel(n_jobs=-1)]: Using backend LokyBackend with 8 concurrent workers.
[Parallel(n_jobs=-1)]: Done  25 tasks      | elapsed:   20.4s
[Parallel(n_jobs=-1)]: Done  89 out of  89 | elapsed:  1.0min finished
[Parallel(n_jobs=-1)]: Using backend LokyBackend with 8 concurrent workers.
[Parallel(n_jobs=-1)]: Done   2 out of  11 | elapsed:    4.6s remaining:   20.6s
[Parallel(n_jobs=-1)]: Done   8 out of  11 | elapsed:    4.8s remaining:    1.8s
[Parallel(n_jobs=-1)]: Done  11 out of  11 | elapsed:    8.0s finished

[2026-03-09 04:20:27] Features: 12/39 -- score: 0.559463986599665[Parallel(n_jobs=-1)]: Using backend LokyBackend with 8 concurrent workers.
[Parallel(n_jobs=-1)]: Done  25 tasks      | elapsed:   21.6s
[Parallel(n_jobs=-1)]: Done  88 out of  88 | elapsed:  1.0min finished
[Parallel(n_jobs=-1)]: Using backend LokyBackend with 8 concurrent workers.
[Parallel(n_jobs=-1)]: Done   4 out of  12 | elapsed:    5.6s remaining:   11.2s
[Parallel(n_jobs=-1)]: Done  12 out of  12 | elapsed:    9.8s finished

[2026-03-09 04:21:38] Features: 13/39 -- score: 0.5552763819095476[Parallel(n_jobs=-1)]: Using backend LokyBackend with 8 concurrent workers.
[Parallel(n_jobs=-1)]: Done  25 tasks      | elapsed:   22.6s
[Parallel(n_jobs=-1)]: Done  87 out of  87 | elapsed:  1.0min finished
[Parallel(n_jobs=-1)]: Using backend LokyBackend with 8 concurrent workers.
[Parallel(n_jobs=-1)]: Done   5 out of  13 | elapsed:    5.7s remaining:    9.1s
[Parallel(n_jobs=-1)]: Done  13 out of  13 | elapsed:   10.1s finished

[2026-03-09 04:22:50] Features: 14/39 -- score: 0.5603015075376884[Parallel(n_jobs=-1)]: Using backend LokyBackend with 8 concurrent workers.
[Parallel(n_jobs=-1)]: Done  25 tasks      | elapsed:   22.1s
[Parallel(n_jobs=-1)]: Done  86 out of  86 | elapsed:  1.0min finished
[Parallel(n_jobs=-1)]: Using backend LokyBackend with 8 concurrent workers.
[Parallel(n_jobs=-1)]: Done   7 out of  14 | elapsed:    5.8s remaining:    5.8s
[Parallel(n_jobs=-1)]: Done  14 out of  14 | elapsed:   10.7s finished

[2026-03-09 04:24:02] Features: 15/39 -- score: 0.5519262981574539[Parallel(n_jobs=-1)]: Using backend LokyBackend with 8 concurrent workers.
[Parallel(n_jobs=-1)]: Done  25 tasks      | elapsed:   26.6s
[Parallel(n_jobs=-1)]: Done  85 out of  85 | elapsed:  1.2min finished
[Parallel(n_jobs=-1)]: Using backend LokyBackend with 8 concurrent workers.
[Parallel(n_jobs=-1)]: Done   8 out of  15 | elapsed:    5.7s remaining:    5.0s
[Parallel(n_jobs=-1)]: Done  15 out of  15 | elapsed:   11.0s finished
[Parallel(n_jobs=-1)]: Using backend LokyBackend with 8 concurrent workers.
[Parallel(n_jobs=-1)]: Done   7 out of  14 | elapsed:    5.4s remaining:    5.4s
[Parallel(n_jobs=-1)]: Done  14 out of  14 | elapsed:   10.2s finished
[Parallel(n_jobs=-1)]: Using backend LokyBackend with 8 concurrent workers.
[Parallel(n_jobs=-1)]: Done   5 out of  13 | elapsed:    5.4s remaining:    8.7s
[Parallel(n_jobs=-1)]: Done  13 out of  13 | elapsed:    9.9s finished

[2026-03-09 04:25:47] Features: 14/39 -- score: 0.5745393634840871[Parallel(n_jobs=-1)]: Using backend LokyBackend with 8 concurrent workers.
[Parallel(n_jobs=-1)]: Done  25 tasks      | elapsed:   22.5s
[Parallel(n_jobs=-1)]: Done  86 out of  86 | elapsed:  1.0min finished
[Parallel(n_jobs=-1)]: Using backend LokyBackend with 8 concurrent workers.
[Parallel(n_jobs=-1)]: Done   7 out of  14 | elapsed:    5.6s remaining:    5.6s
[Parallel(n_jobs=-1)]: Done  14 out of  14 | elapsed:   10.3s finished

[2026-03-09 04:26:58] Features: 15/39 -- score: 0.5728643216080401[Parallel(n_jobs=-1)]: Using backend LokyBackend with 8 concurrent workers.
[Parallel(n_jobs=-1)]: Done  25 tasks      | elapsed:   25.9s
[Parallel(n_jobs=-1)]: Done  85 out of  85 | elapsed:  1.2min finished
[Parallel(n_jobs=-1)]: Using backend LokyBackend with 8 concurrent workers.
[Parallel(n_jobs=-1)]: Done   8 out of  15 | elapsed:    5.5s remaining:    4.8s
[Parallel(n_jobs=-1)]: Done  15 out of  15 | elapsed:   10.6s finished

[2026-03-09 04:28:20] Features: 16/39 -- score: 0.5695142378559463[Parallel(n_jobs=-1)]: Using backend LokyBackend with 8 concurrent workers.
[Parallel(n_jobs=-1)]: Done  25 tasks      | elapsed:   25.8s
[Parallel(n_jobs=-1)]: Done  84 out of  84 | elapsed:  1.2min finished
[Parallel(n_jobs=-1)]: Using backend LokyBackend with 8 concurrent workers.
[Parallel(n_jobs=-1)]: Done  10 out of  16 | elapsed:   13.0s remaining:    7.8s
[Parallel(n_jobs=-1)]: Done  16 out of  16 | elapsed:   13.1s finished

[2026-03-09 04:29:43] Features: 17/39 -- score: 0.5603015075376885[Parallel(n_jobs=-1)]: Using backend LokyBackend with 8 concurrent workers.
[Parallel(n_jobs=-1)]: Done  25 tasks      | elapsed:   26.3s
[Parallel(n_jobs=-1)]: Done  83 out of  83 | elapsed:  1.2min finished
[Parallel(n_jobs=-1)]: Using backend LokyBackend with 8 concurrent workers.
[Parallel(n_jobs=-1)]: Done  11 out of  17 | elapsed:   12.8s remaining:    7.0s
[Parallel(n_jobs=-1)]: Done  17 out of  17 | elapsed:   16.1s finished
[Parallel(n_jobs=-1)]: Using backend LokyBackend with 8 concurrent workers.
[Parallel(n_jobs=-1)]: Done  10 out of  16 | elapsed:   12.4s remaining:    7.4s
[Parallel(n_jobs=-1)]: Done  16 out of  16 | elapsed:   12.6s finished

[2026-03-09 04:31:22] Features: 17/39 -- score: 0.567001675041876[Parallel(n_jobs=-1)]: Using backend LokyBackend with 8 concurrent workers.
[Parallel(n_jobs=-1)]: Done  25 tasks      | elapsed:   25.7s
[Parallel(n_jobs=-1)]: Done  83 out of  83 | elapsed:  1.1min finished
[Parallel(n_jobs=-1)]: Using backend LokyBackend with 8 concurrent workers.
[Parallel(n_jobs=-1)]: Done  11 out of  17 | elapsed:   12.6s remaining:    6.9s
[Parallel(n_jobs=-1)]: Done  17 out of  17 | elapsed:   15.9s finished

[2026-03-09 04:32:47] Features: 18/39 -- score: 0.5686767169179229[Parallel(n_jobs=-1)]: Using backend LokyBackend with 8 concurrent workers.
[Parallel(n_jobs=-1)]: Done  25 tasks      | elapsed:   25.0s
[Parallel(n_jobs=-1)]: Done  82 out of  82 | elapsed:  1.1min finished
[Parallel(n_jobs=-1)]: Using backend LokyBackend with 8 concurrent workers.
[Parallel(n_jobs=-1)]: Done  13 out of  18 | elapsed:   12.8s remaining:    4.9s
[Parallel(n_jobs=-1)]: Done  18 out of  18 | elapsed:   16.3s finished
[Parallel(n_jobs=-1)]: Using backend LokyBackend with 8 concurrent workers.
[Parallel(n_jobs=-1)]: Done  11 out of  17 | elapsed:   12.1s remaining:    6.6s
[Parallel(n_jobs=-1)]: Done  17 out of  17 | elapsed:   15.3s finished

[2026-03-09 04:34:25] Features: 18/39 -- score: 0.5737018425460637[Parallel(n_jobs=-1)]: Using backend LokyBackend with 8 concurrent workers.
[Parallel(n_jobs=-1)]: Done  25 tasks      | elapsed:   23.7s
[Parallel(n_jobs=-1)]: Done  82 out of  82 | elapsed:  1.1min finished
[Parallel(n_jobs=-1)]: Using backend LokyBackend with 8 concurrent workers.
[Parallel(n_jobs=-1)]: Done  13 out of  18 | elapsed:   12.6s remaining:    4.8s
[Parallel(n_jobs=-1)]: Done  18 out of  18 | elapsed:   16.1s finished

[2026-03-09 04:35:47] Features: 19/39 -- score: 0.567001675041876[Parallel(n_jobs=-1)]: Using backend LokyBackend with 8 concurrent workers.
[Parallel(n_jobs=-1)]: Done  25 tasks      | elapsed:   24.8s
[Parallel(n_jobs=-1)]: Done  81 out of  81 | elapsed:  1.1min finished
[Parallel(n_jobs=-1)]: Using backend LokyBackend with 8 concurrent workers.
[Parallel(n_jobs=-1)]: Done  14 out of  19 | elapsed:   12.3s remaining:    4.4s
[Parallel(n_jobs=-1)]: Done  19 out of  19 | elapsed:   16.3s finished

[2026-03-09 04:37:08] Features: 20/39 -- score: 0.5703517587939698[Parallel(n_jobs=-1)]: Using backend LokyBackend with 8 concurrent workers.
[Parallel(n_jobs=-1)]: Done  25 tasks      | elapsed:   25.1s
[Parallel(n_jobs=-1)]: Done  80 out of  80 | elapsed:  1.1min finished
[Parallel(n_jobs=-1)]: Using backend LokyBackend with 8 concurrent workers.
[Parallel(n_jobs=-1)]: Done  16 out of  20 | elapsed:   12.6s remaining:    3.2s
[Parallel(n_jobs=-1)]: Done  20 out of  20 | elapsed:   17.1s finished

[2026-03-09 04:38:29] Features: 21/39 -- score: 0.5644891122278057[Parallel(n_jobs=-1)]: Using backend LokyBackend with 8 concurrent workers.
[Parallel(n_jobs=-1)]: Done  25 tasks      | elapsed:   24.6s
[Parallel(n_jobs=-1)]: Done  79 out of  79 | elapsed:  1.0min finished
[Parallel(n_jobs=-1)]: Using backend LokyBackend with 8 concurrent workers.
[Parallel(n_jobs=-1)]: Done  17 out of  21 | elapsed:   17.2s remaining:    4.0s
[Parallel(n_jobs=-1)]: Done  21 out of  21 | elapsed:   17.4s finished

[2026-03-09 04:39:49] Features: 22/39 -- score: 0.5703517587939698[Parallel(n_jobs=-1)]: Using backend LokyBackend with 8 concurrent workers.
[Parallel(n_jobs=-1)]: Done  25 tasks      | elapsed:   26.5s
[Parallel(n_jobs=-1)]: Done  78 out of  78 | elapsed:  1.1min finished
[Parallel(n_jobs=-1)]: Using backend LokyBackend with 8 concurrent workers.
[Parallel(n_jobs=-1)]: Done  19 out of  22 | elapsed:   18.9s remaining:    3.0s
[Parallel(n_jobs=-1)]: Done  22 out of  22 | elapsed:   18.9s finished

[2026-03-09 04:41:13] Features: 23/39 -- score: 0.567001675041876[Parallel(n_jobs=-1)]: Using backend LokyBackend with 8 concurrent workers.
[Parallel(n_jobs=-1)]: Done  25 tasks      | elapsed:   26.3s
[Parallel(n_jobs=-1)]: Done  77 out of  77 | elapsed:  1.1min finished
[Parallel(n_jobs=-1)]: Using backend LokyBackend with 8 concurrent workers.
[Parallel(n_jobs=-1)]: Done  20 out of  23 | elapsed:   18.6s remaining:    2.8s
[Parallel(n_jobs=-1)]: Done  23 out of  23 | elapsed:   18.7s finished

[2026-03-09 04:42:36] Features: 24/39 -- score: 0.567001675041876[Parallel(n_jobs=-1)]: Using backend LokyBackend with 8 concurrent workers.
[Parallel(n_jobs=-1)]: Done  25 tasks      | elapsed:   28.8s
[Parallel(n_jobs=-1)]: Done  76 out of  76 | elapsed:  1.2min finished
[Parallel(n_jobs=-1)]: Using backend LokyBackend with 8 concurrent workers.
[Parallel(n_jobs=-1)]: Done  22 out of  24 | elapsed:   18.8s remaining:    1.7s
[Parallel(n_jobs=-1)]: Done  24 out of  24 | elapsed:   18.9s finished
[Parallel(n_jobs=-1)]: Using backend LokyBackend with 8 concurrent workers.
[Parallel(n_jobs=-1)]: Done  20 out of  23 | elapsed:   18.8s remaining:    2.8s
[Parallel(n_jobs=-1)]: Done  23 out of  23 | elapsed:   18.9s finished

[2026-03-09 04:44:24] Features: 24/39 -- score: 0.5678391959798995[Parallel(n_jobs=-1)]: Using backend LokyBackend with 8 concurrent workers.
[Parallel(n_jobs=-1)]: Done  25 tasks      | elapsed:   28.4s
[Parallel(n_jobs=-1)]: Done  76 out of  76 | elapsed:  1.2min finished
[Parallel(n_jobs=-1)]: Using backend LokyBackend with 8 concurrent workers.
[Parallel(n_jobs=-1)]: Done  22 out of  24 | elapsed:   19.3s remaining:    1.8s
[Parallel(n_jobs=-1)]: Done  24 out of  24 | elapsed:   19.4s finished

[2026-03-09 04:45:54] Features: 25/39 -- score: 0.5795644891122277[Parallel(n_jobs=-1)]: Using backend LokyBackend with 8 concurrent workers.
[Parallel(n_jobs=-1)]: Done  25 tasks      | elapsed:   30.0s
[Parallel(n_jobs=-1)]: Done  75 out of  75 | elapsed:  1.2min finished
[Parallel(n_jobs=-1)]: Using backend LokyBackend with 8 concurrent workers.
[Parallel(n_jobs=-1)]: Done  23 out of  25 | elapsed:   20.5s remaining:    1.8s
[Parallel(n_jobs=-1)]: Done  25 out of  25 | elapsed:   24.1s finished

[2026-03-09 04:47:29] Features: 26/39 -- score: 0.5711892797319932[Parallel(n_jobs=-1)]: Using backend LokyBackend with 8 concurrent workers.
[Parallel(n_jobs=-1)]: Done  25 tasks      | elapsed:   26.9s
[Parallel(n_jobs=-1)]: Done  74 out of  74 | elapsed:  1.1min finished
[Parallel(n_jobs=-1)]: Using backend LokyBackend with 8 concurrent workers.
[Parallel(n_jobs=-1)]: Done  26 out of  26 | elapsed:   24.7s finished
[Parallel(n_jobs=-1)]: Using backend LokyBackend with 8 concurrent workers.
[Parallel(n_jobs=-1)]: Done  23 out of  25 | elapsed:   20.2s remaining:    1.8s
[Parallel(n_jobs=-1)]: Done  25 out of  25 | elapsed:   23.9s finished

[2026-03-09 04:49:24] Features: 26/39 -- score: 0.5720268006700168[Parallel(n_jobs=-1)]: Using backend LokyBackend with 8 concurrent workers.
[Parallel(n_jobs=-1)]: Done  25 tasks      | elapsed:   27.4s
[Parallel(n_jobs=-1)]: Done  74 out of  74 | elapsed:  1.1min finished
[Parallel(n_jobs=-1)]: Using backend LokyBackend with 8 concurrent workers.
