
[2026-03-09 03:44:15] CMD: /Library/Frameworks/Python.framework/Versions/3.13/bin/python3 /Users/tranghanguyen/STAT-587-Final-Project/PyScripts/Models/random_forest.py
[2026-03-09 03:44:15] ENV: MODEL_N_JOBS=4 GRID_VARIANT=left GRID_VERSION=v1
/Users/tranghanguyen/STAT-587-Final-Project/PyScripts/Models/H_eval.py:228: UserWarning: FigureCanvasAgg is non-interactive, and thus cannot be shown
  plt.show()
/Users/tranghanguyen/STAT-587-Final-Project/PyScripts/Models/H_eval.py:228: UserWarning: FigureCanvasAgg is non-interactive, and thus cannot be shown
  plt.show()
/Users/tranghanguyen/STAT-587-Final-Project/PyScripts/Models/H_eval.py:228: UserWarning: FigureCanvasAgg is non-interactive, and thus cannot be shown
  plt.show()
/Users/tranghanguyen/STAT-587-Final-Project/PyScripts/Models/H_eval.py:228: UserWarning: FigureCanvasAgg is non-interactive, and thus cannot be shown
  plt.show()
[Parallel(n_jobs=-1)]: Using backend LokyBackend with 8 concurrent workers.
MODEL_N_JOBS=4 (set env MODEL_N_JOBS to override)
GRID_VARIANT=left (left/center/right)
GRID_VERSION=v1
------- Downloading Data
Finished Downloading Data -------
Initial shape: 2010 rows, 2520 columns.
------- Cleaning data
Finished Cleaning Data -------
Current shape: 2010 rows, 2390 columns.
Created Percent Changes.
Created Target (Regression).
---EXTRA---: Created Day of Week.
---EXTRA---: Created Daily Range.
------- Finding Optimal lag_period Value
Total Unique Cleaning Combinations to test: 4
Optimal data_clean() parameters: {'lag_period': 2, 'sector': True, 'corr_level': 2}
Best Utility Score (lag_period): 0.522
Best lag_period: 2
------- Finding Optimal lookback_period Value
Total Unique Cleaning Combinations to test: 7
Optimal data_clean() parameters: {'lookback_period': 17, 'sector': True, 'corr_level': 2}
Best Utility Score (lookback_period): 0.529
Best lookback_period: 17
------- Finding Optimal data_clean() Parameters
Total Unique Cleaning Combinations to test: 48
Optimal data_clean() parameters: {'raw': False, 'extra_features': True, 'lag_period': 2, 'lookback_period': 17, 'sector': True, 'corr_level': 2, 'corr_threshold': 0.8}
Best Utility Score 0.554
Optimal parameter {'raw': False, 'extra_features': True, 'lag_period': 2, 'lookback_period': 17, 'sector': True, 'corr_level': 2, 'corr_threshold': 0.8}
------- Generating Necessary Features
Created Lag.
Created EMA, Rolling Volatility (Scaled) and Rolling Z-Score.
Created Max/Min Channel Positions/
Created Rolling Volume Weighted Average Price.
---EXTRA---: Created Open Metrics Forward Lag.
Cleaned up Unnecessary Columns.
Created Target (Classification)
Cleaned up remaining/resulting NA values.
---EXTRA---: Grouped Features by Sector Averages.
Current shape: 1992 rows, 187 columns.
---EXTRA---: (corr_level=2) Dropped 90 highly correlated feature columns.
Predictors, and Target (Regression) successfully split.
Finished Generating Features -------
Final shape (X): 1992 rows, 97 columns.
Final shape (y_regression): 1992 rows, 1 columns.


------- Base RF Model -------
Rolling Window Backtest over 44 iterations.
22.73% complete. Current iteration: 10, True iteration: 361
45.45% complete. Current iteration: 20, True iteration: 761
68.18% complete. Current iteration: 30, True iteration: 1161
90.91% complete. Current iteration: 40, True iteration: 1561
Average Rolling Accuracy (train) (rwb): 0.5093 (±0.0779)
Average Rolling Accuracy (test)  (rwb): 0.5167 (±0.0950)
--- Model Report ---
Avg CV Train Accuracy:          0.7099 (±0.0439)
Avg CV Validation Accuracy:  0.5208 (±0.0440)
Avg CV Validation Precision: 0.5554
Avg CV Validation Recall:    0.5926
Final Hold-out (Test) Score (Accuracy): 0.5163
Positive Prediction Rate (Test):        0.4737
True Up Rate (Test):   0.5410
Up Precision (Test):   0.5610
Up Edge Rate (Test):   0.0200
True Down Rate (Test): 0.4590
Down Precision (Test): 0.4760
Down Edge Rate (Test): 0.0170
             Predicted Down  Predicted Up
Actual Down             100            83
Actual Up               110           106
Utility Score 0.516
Downloaded results to /Users/tranghanguyen/STAT-587-Final-Project/output/results/results.csv


------- PCA RF Model -------
Rolling Window Backtest over 44 iterations.
22.73% complete. Current iteration: 10, True iteration: 361
45.45% complete. Current iteration: 20, True iteration: 761
68.18% complete. Current iteration: 30, True iteration: 1161
90.91% complete. Current iteration: 40, True iteration: 1561
Average Rolling Accuracy (train) (rwb): 0.4979 (±0.0693)
Average Rolling Accuracy (test)  (rwb): 0.4750 (±0.0577)
--- Model Report ---
Avg CV Train Accuracy:          0.6489 (±0.0415)
Avg CV Validation Accuracy:  0.5426 (±0.0163)
Avg CV Validation Precision: 0.5728
Avg CV Validation Recall:    0.6743
Final Hold-out (Test) Score (Accuracy): 0.5213
Positive Prediction Rate (Test):        0.5789
True Up Rate (Test):   0.5410
Up Precision (Test):   0.5540
Up Edge Rate (Test):   0.0130
True Down Rate (Test): 0.4590
Down Precision (Test): 0.4760
Down Edge Rate (Test): 0.0170
             Predicted Down  Predicted Up
Actual Down              80           103
Actual Up                88           128
Utility Score 0.521
Downloaded results to /Users/tranghanguyen/STAT-587-Final-Project/output/results/results.csv


------- LASSO RF Model -------
Rolling Window Backtest over 44 iterations.
22.73% complete. Current iteration: 10, True iteration: 361
45.45% complete. Current iteration: 20, True iteration: 761
68.18% complete. Current iteration: 30, True iteration: 1161
90.91% complete. Current iteration: 40, True iteration: 1561
Average Rolling Accuracy (train) (rwb): 0.5200 (±0.0991)
Average Rolling Accuracy (test)  (rwb): 0.5250 (±0.0816)
--- Model Report ---
Avg CV Train Accuracy:          0.8763 (±0.0527)
Avg CV Validation Accuracy:  0.5208 (±0.0282)
Avg CV Validation Precision: 0.5731
Avg CV Validation Recall:    0.485
Final Hold-out (Test) Score (Accuracy): 0.5113
Positive Prediction Rate (Test):        0.5388
True Up Rate (Test):   0.5410
Up Precision (Test):   0.5490
Up Edge Rate (Test):   0.0080
True Down Rate (Test): 0.4590
Down Precision (Test): 0.4670
Down Edge Rate (Test): 0.0080
             Predicted Down  Predicted Up
Actual Down              86            97
Actual Up                98           118
Utility Score 0.511
Downloaded results to /Users/tranghanguyen/STAT-587-Final-Project/output/results/results.csv


------- RIDGE RF Model -------
Rolling Window Backtest over 44 iterations.
22.73% complete. Current iteration: 10, True iteration: 361
45.45% complete. Current iteration: 20, True iteration: 761
68.18% complete. Current iteration: 30, True iteration: 1161
90.91% complete. Current iteration: 40, True iteration: 1561
Average Rolling Accuracy (train) (rwb): 0.5100 (±0.0661)
Average Rolling Accuracy (test)  (rwb): 0.5139 (±0.0591)
--- Model Report ---
Avg CV Train Accuracy:          0.9057 (±0.0523)
Avg CV Validation Accuracy:  0.5313 (±0.0113)
Avg CV Validation Precision: 0.5756
Avg CV Validation Recall:    0.5608
Final Hold-out (Test) Score (Accuracy): 0.4687
Positive Prediction Rate (Test):        0.5764
True Up Rate (Test):   0.5410
Up Precision (Test):   0.5090
Up Edge Rate (Test):   -0.0320
True Down Rate (Test): 0.4590
Down Precision (Test): 0.4140
Down Edge Rate (Test): -0.0450
             Predicted Down  Predicted Up
Actual Down              70           113
Actual Up                99           117
Utility Score 0.469
Downloaded results to /Users/tranghanguyen/STAT-587-Final-Project/output/results/results.csv


------- LASSO(internal) -> STEP-WISE REGRESSION RF Model -------
------- Applying Step-Wise Regression (WFV)
[Parallel(n_jobs=-1)]: Done  32 out of  32 | elapsed:    4.8s finished

[2026-03-09 03:51:56] Features: 1/32 -- score: 0.525963149078727[Parallel(n_jobs=-1)]: Using backend LokyBackend with 8 concurrent workers.
[Parallel(n_jobs=-1)]: Done  31 out of  31 | elapsed:    2.9s finished

[2026-03-09 03:51:58] Features: 2/32 -- score: 0.5536013400335008[Parallel(n_jobs=-1)]: Using backend LokyBackend with 8 concurrent workers.
[Parallel(n_jobs=-1)]: Done  30 out of  30 | elapsed:    2.9s finished
[Parallel(n_jobs=-1)]: Using backend LokyBackend with 8 concurrent workers.
[Parallel(n_jobs=-1)]: Done   2 out of   2 | elapsed:    0.5s finished

[2026-03-09 03:52:02] Features: 3/32 -- score: 0.5569514237855947[Parallel(n_jobs=-1)]: Using backend LokyBackend with 8 concurrent workers.
[Parallel(n_jobs=-1)]: Done  29 out of  29 | elapsed:    3.7s finished
[Parallel(n_jobs=-1)]: Using backend LokyBackend with 8 concurrent workers.
[Parallel(n_jobs=-1)]: Done   3 out of   3 | elapsed:    0.5s finished

[2026-03-09 03:52:06] Features: 4/32 -- score: 0.5485762144053602[Parallel(n_jobs=-1)]: Using backend LokyBackend with 8 concurrent workers.
[Parallel(n_jobs=-1)]: Done  28 out of  28 | elapsed:    3.3s finished
[Parallel(n_jobs=-1)]: Using backend LokyBackend with 8 concurrent workers.
[Parallel(n_jobs=-1)]: Done   4 out of   4 | elapsed:    0.6s finished

[2026-03-09 03:52:10] Features: 5/32 -- score: 0.5636515912897823[Parallel(n_jobs=-1)]: Using backend LokyBackend with 8 concurrent workers.
[Parallel(n_jobs=-1)]: Done  27 out of  27 | elapsed:    3.3s finished
[Parallel(n_jobs=-1)]: Using backend LokyBackend with 8 concurrent workers.
[Parallel(n_jobs=-1)]: Done   2 out of   5 | elapsed:    0.7s remaining:    1.1s
[Parallel(n_jobs=-1)]: Done   5 out of   5 | elapsed:    0.7s finished

[2026-03-09 03:52:14] Features: 6/32 -- score: 0.5644891122278057[Parallel(n_jobs=-1)]: Using backend LokyBackend with 8 concurrent workers.
[Parallel(n_jobs=-1)]: Done  26 out of  26 | elapsed:    3.2s finished
[Parallel(n_jobs=-1)]: Using backend LokyBackend with 8 concurrent workers.
[Parallel(n_jobs=-1)]: Done   3 out of   6 | elapsed:    0.8s remaining:    0.8s
[Parallel(n_jobs=-1)]: Done   6 out of   6 | elapsed:    0.8s finished

[2026-03-09 03:52:18] Features: 7/32 -- score: 0.5728643216080402[Parallel(n_jobs=-1)]: Using backend LokyBackend with 8 concurrent workers.
[Parallel(n_jobs=-1)]: Done  23 out of  25 | elapsed:    2.8s remaining:    0.2s
[Parallel(n_jobs=-1)]: Done  25 out of  25 | elapsed:    3.2s finished
[Parallel(n_jobs=-1)]: Using backend LokyBackend with 8 concurrent workers.
[Parallel(n_jobs=-1)]: Done   4 out of   7 | elapsed:    0.8s remaining:    0.6s
[Parallel(n_jobs=-1)]: Done   7 out of   7 | elapsed:    0.8s finished

[2026-03-09 03:52:22] Features: 8/32 -- score: 0.5577889447236181[Parallel(n_jobs=-1)]: Using backend LokyBackend with 8 concurrent workers.
[Parallel(n_jobs=-1)]: Done  22 out of  24 | elapsed:    3.1s remaining:    0.3s
[Parallel(n_jobs=-1)]: Done  24 out of  24 | elapsed:    3.2s finished
[Parallel(n_jobs=-1)]: Using backend LokyBackend with 8 concurrent workers.
[Parallel(n_jobs=-1)]: Done   3 out of   8 | elapsed:    0.9s remaining:    1.4s
[Parallel(n_jobs=-1)]: Done   8 out of   8 | elapsed:    0.9s finished

[2026-03-09 03:52:26] Features: 9/32 -- score: 0.5678391959798995[Parallel(n_jobs=-1)]: Using backend LokyBackend with 8 concurrent workers.
[Parallel(n_jobs=-1)]: Done  20 out of  23 | elapsed:    3.2s remaining:    0.5s
[Parallel(n_jobs=-1)]: Done  23 out of  23 | elapsed:    3.2s finished
[Parallel(n_jobs=-1)]: Using backend LokyBackend with 8 concurrent workers.
[Parallel(n_jobs=-1)]: Done   4 out of   9 | elapsed:    1.1s remaining:    1.4s
[Parallel(n_jobs=-1)]: Done   9 out of   9 | elapsed:    1.7s finished

[2026-03-09 03:52:31] Features: 10/32 -- score: 0.5661641541038526[Parallel(n_jobs=-1)]: Using backend LokyBackend with 8 concurrent workers.
[Parallel(n_jobs=-1)]: Done  19 out of  22 | elapsed:    3.1s remaining:    0.5s
[Parallel(n_jobs=-1)]: Done  22 out of  22 | elapsed:    3.2s finished
[Parallel(n_jobs=-1)]: Using backend LokyBackend with 8 concurrent workers.
[Parallel(n_jobs=-1)]: Done   7 out of  10 | elapsed:    1.1s remaining:    0.5s
[Parallel(n_jobs=-1)]: Done  10 out of  10 | elapsed:    1.7s finished
[Parallel(n_jobs=-1)]: Using backend LokyBackend with 8 concurrent workers.
[Parallel(n_jobs=-1)]: Done   4 out of   9 | elapsed:    1.0s remaining:    1.3s
[Parallel(n_jobs=-1)]: Done   9 out of   9 | elapsed:    1.6s finished

[2026-03-09 03:52:38] Features: 10/32 -- score: 0.5686767169179229[Parallel(n_jobs=-1)]: Using backend LokyBackend with 8 concurrent workers.
[Parallel(n_jobs=-1)]: Done  19 out of  22 | elapsed:    2.9s remaining:    0.5s
[Parallel(n_jobs=-1)]: Done  22 out of  22 | elapsed:    3.0s finished
[Parallel(n_jobs=-1)]: Using backend LokyBackend with 8 concurrent workers.
[Parallel(n_jobs=-1)]: Done   7 out of  10 | elapsed:    1.1s remaining:    0.5s
[Parallel(n_jobs=-1)]: Done  10 out of  10 | elapsed:    1.7s finished
[Parallel(n_jobs=-1)]: Using backend LokyBackend with 8 concurrent workers.
[Parallel(n_jobs=-1)]: Done   4 out of   9 | elapsed:    1.0s remaining:    1.3s
[Parallel(n_jobs=-1)]: Done   9 out of   9 | elapsed:    1.6s finished
[Parallel(n_jobs=-1)]: Using backend LokyBackend with 8 concurrent workers.
[Parallel(n_jobs=-1)]: Done   3 out of   8 | elapsed:    0.9s remaining:    1.4s
[Parallel(n_jobs=-1)]: Done   8 out of   8 | elapsed:    0.9s finished

[2026-03-09 03:52:45] Features: 9/32 -- score: 0.583752093802345[Parallel(n_jobs=-1)]: Using backend LokyBackend with 8 concurrent workers.
[Parallel(n_jobs=-1)]: Done  20 out of  23 | elapsed:    3.2s remaining:    0.5s
[Parallel(n_jobs=-1)]: Done  23 out of  23 | elapsed:    3.2s finished
[Parallel(n_jobs=-1)]: Using backend LokyBackend with 8 concurrent workers.
[Parallel(n_jobs=-1)]: Done   4 out of   9 | elapsed:    1.1s remaining:    1.3s
[Parallel(n_jobs=-1)]: Done   9 out of   9 | elapsed:    1.7s finished

[2026-03-09 03:52:50] Features: 10/32 -- score: 0.576214405360134[Parallel(n_jobs=-1)]: Using backend LokyBackend with 8 concurrent workers.
[Parallel(n_jobs=-1)]: Done  19 out of  22 | elapsed:    3.1s remaining:    0.5s
[Parallel(n_jobs=-1)]: Done  22 out of  22 | elapsed:    3.1s finished
[Parallel(n_jobs=-1)]: Using backend LokyBackend with 8 concurrent workers.
[Parallel(n_jobs=-1)]: Done   7 out of  10 | elapsed:    1.1s remaining:    0.5s
[Parallel(n_jobs=-1)]: Done  10 out of  10 | elapsed:    1.8s finished

[2026-03-09 03:52:55] Features: 11/32 -- score: 0.5753768844221107[Parallel(n_jobs=-1)]: Using backend LokyBackend with 8 concurrent workers.
[Parallel(n_jobs=-1)]: Done  17 out of  21 | elapsed:    3.0s remaining:    0.7s
[Parallel(n_jobs=-1)]: Done  21 out of  21 | elapsed:    3.1s finished
[Parallel(n_jobs=-1)]: Using backend LokyBackend with 8 concurrent workers.
[Parallel(n_jobs=-1)]: Done   2 out of  11 | elapsed:    1.1s remaining:    4.8s
[Parallel(n_jobs=-1)]: Done   8 out of  11 | elapsed:    1.1s remaining:    0.4s
[Parallel(n_jobs=-1)]: Done  11 out of  11 | elapsed:    1.8s finished

[2026-03-09 03:53:00] Features: 12/32 -- score: 0.5745393634840871[Parallel(n_jobs=-1)]: Using backend LokyBackend with 8 concurrent workers.
[Parallel(n_jobs=-1)]: Done  16 out of  20 | elapsed:    2.2s remaining:    0.6s
[Parallel(n_jobs=-1)]: Done  20 out of  20 | elapsed:    3.0s finished
[Parallel(n_jobs=-1)]: Using backend LokyBackend with 8 concurrent workers.
[Parallel(n_jobs=-1)]: Done   4 out of  12 | elapsed:    1.1s remaining:    2.1s
[Parallel(n_jobs=-1)]: Done  12 out of  12 | elapsed:    1.9s finished

[2026-03-09 03:53:05] Features: 13/32 -- score: 0.5804020100502513[Parallel(n_jobs=-1)]: Using backend LokyBackend with 8 concurrent workers.
[Parallel(n_jobs=-1)]: Done  14 out of  19 | elapsed:    2.6s remaining:    0.9s
[Parallel(n_jobs=-1)]: Done  19 out of  19 | elapsed:    3.4s finished
[Parallel(n_jobs=-1)]: Using backend LokyBackend with 8 concurrent workers.
[Parallel(n_jobs=-1)]: Done   5 out of  13 | elapsed:    1.3s remaining:    2.0s
[Parallel(n_jobs=-1)]: Done  13 out of  13 | elapsed:    2.2s finished

[2026-03-09 03:53:10] Features: 14/32 -- score: 0.5745393634840871[Parallel(n_jobs=-1)]: Using backend LokyBackend with 8 concurrent workers.
[Parallel(n_jobs=-1)]: Done  13 out of  18 | elapsed:    2.2s remaining:    0.9s
[Parallel(n_jobs=-1)]: Done  18 out of  18 | elapsed:    2.9s finished
[Parallel(n_jobs=-1)]: Using backend LokyBackend with 8 concurrent workers.
[Parallel(n_jobs=-1)]: Done   7 out of  14 | elapsed:    1.1s remaining:    1.1s
[Parallel(n_jobs=-1)]: Done  14 out of  14 | elapsed:    2.1s finished

[2026-03-09 03:53:15] Features: 15/32 -- score: 0.5695142378559463[Parallel(n_jobs=-1)]: Using backend LokyBackend with 8 concurrent workers.
[Parallel(n_jobs=-1)]: Done  11 out of  17 | elapsed:    2.5s remaining:    1.3s
[Parallel(n_jobs=-1)]: Done  17 out of  17 | elapsed:    3.2s finished
[Parallel(n_jobs=-1)]: Using backend LokyBackend with 8 concurrent workers.
[Parallel(n_jobs=-1)]: Done   8 out of  15 | elapsed:    1.1s remaining:    1.0s
[Parallel(n_jobs=-1)]: Done  15 out of  15 | elapsed:    2.0s finished
[Parallel(n_jobs=-1)]: Using backend LokyBackend with 8 concurrent workers.
[Parallel(n_jobs=-1)]: Done   7 out of  14 | elapsed:    1.0s remaining:    1.0s
[Parallel(n_jobs=-1)]: Done  14 out of  14 | elapsed:    2.0s finished

[2026-03-09 03:53:22] Features: 15/32 -- score: 0.5695142378559465[Parallel(n_jobs=-1)]: Using backend LokyBackend with 8 concurrent workers.
[Parallel(n_jobs=-1)]: Done  11 out of  17 | elapsed:    2.4s remaining:    1.3s
[Parallel(n_jobs=-1)]: Done  17 out of  17 | elapsed:    3.1s finished
[Parallel(n_jobs=-1)]: Using backend LokyBackend with 8 concurrent workers.
[Parallel(n_jobs=-1)]: Done   8 out of  15 | elapsed:    1.0s remaining:    0.9s
[Parallel(n_jobs=-1)]: Done  15 out of  15 | elapsed:    1.9s finished
[Parallel(n_jobs=-1)]: Using backend LokyBackend with 8 concurrent workers.
[Parallel(n_jobs=-1)]: Done   7 out of  14 | elapsed:    1.0s remaining:    1.0s
[Parallel(n_jobs=-1)]: Done  14 out of  14 | elapsed:    2.0s finished

[2026-03-09 03:53:29] Features: 15/32 -- score: 0.5753768844221105[Parallel(n_jobs=-1)]: Using backend LokyBackend with 8 concurrent workers.
[Parallel(n_jobs=-1)]: Done  11 out of  17 | elapsed:    2.5s remaining:    1.3s
[Parallel(n_jobs=-1)]: Done  17 out of  17 | elapsed:    3.2s finished
[Parallel(n_jobs=-1)]: Using backend LokyBackend with 8 concurrent workers.
[Parallel(n_jobs=-1)]: Done   8 out of  15 | elapsed:    1.0s remaining:    0.9s
[Parallel(n_jobs=-1)]: Done  15 out of  15 | elapsed:    1.9s finished

[2026-03-09 03:53:34] Features: 16/32 -- score: 0.5695142378559465[Parallel(n_jobs=-1)]: Using backend LokyBackend with 8 concurrent workers.
[Parallel(n_jobs=-1)]: Done  10 out of  16 | elapsed:    2.4s remaining:    1.5s
[Parallel(n_jobs=-1)]: Done  16 out of  16 | elapsed:    2.5s finished
[Parallel(n_jobs=-1)]: Using backend LokyBackend with 8 concurrent workers.
[Parallel(n_jobs=-1)]: Done  10 out of  16 | elapsed:    2.4s remaining:    1.4s
[Parallel(n_jobs=-1)]: Done  16 out of  16 | elapsed:    2.4s finished

[2026-03-09 03:53:39] Features: 17/32 -- score: 0.561139028475712[Parallel(n_jobs=-1)]: Using backend LokyBackend with 8 concurrent workers.
[Parallel(n_jobs=-1)]: Done   8 out of  15 | elapsed:    1.3s remaining:    1.2s
[Parallel(n_jobs=-1)]: Done  15 out of  15 | elapsed:    2.4s finished
[Parallel(n_jobs=-1)]: Using backend LokyBackend with 8 concurrent workers.
[Parallel(n_jobs=-1)]: Done  11 out of  17 | elapsed:    2.4s remaining:    1.3s
[Parallel(n_jobs=-1)]: Done  17 out of  17 | elapsed:    3.1s finished

[2026-03-09 03:53:45] Features: 18/32 -- score: 0.5695142378559463[Parallel(n_jobs=-1)]: Using backend LokyBackend with 8 concurrent workers.
[Parallel(n_jobs=-1)]: Done   7 out of  14 | elapsed:    1.2s remaining:    1.2s
[Parallel(n_jobs=-1)]: Done  14 out of  14 | elapsed:    2.2s finished
[Parallel(n_jobs=-1)]: Using backend LokyBackend with 8 concurrent workers.
[Parallel(n_jobs=-1)]: Done  13 out of  18 | elapsed:    2.3s remaining:    0.9s
[Parallel(n_jobs=-1)]: Done  18 out of  18 | elapsed:    3.1s finished

[2026-03-09 03:53:50] Features: 19/32 -- score: 0.5611390284757118[Parallel(n_jobs=-1)]: Using backend LokyBackend with 8 concurrent workers.
[Parallel(n_jobs=-1)]: Done   5 out of  13 | elapsed:    1.1s remaining:    1.8s
[Parallel(n_jobs=-1)]: Done  13 out of  13 | elapsed:    2.1s finished
[Parallel(n_jobs=-1)]: Using backend LokyBackend with 8 concurrent workers.
[Parallel(n_jobs=-1)]: Done  14 out of  19 | elapsed:    2.4s remaining:    0.9s
[Parallel(n_jobs=-1)]: Done  19 out of  19 | elapsed:    3.2s finished

[2026-03-09 03:53:56] Features: 20/32 -- score: 0.5577889447236181[Parallel(n_jobs=-1)]: Using backend LokyBackend with 8 concurrent workers.
[Parallel(n_jobs=-1)]: Done   4 out of  12 | elapsed:    1.1s remaining:    2.2s
[Parallel(n_jobs=-1)]: Done  12 out of  12 | elapsed:    2.1s finished
[Parallel(n_jobs=-1)]: Using backend LokyBackend with 8 concurrent workers.
[Parallel(n_jobs=-1)]: Done  16 out of  20 | elapsed:    2.6s remaining:    0.6s
[Parallel(n_jobs=-1)]: Done  20 out of  20 | elapsed:    3.5s finished
[Parallel(n_jobs=-1)]: Using backend LokyBackend with 8 concurrent workers.
[Parallel(n_jobs=-1)]: Done  14 out of  19 | elapsed:    2.6s remaining:    0.9s
[Parallel(n_jobs=-1)]: Done  19 out of  19 | elapsed:    3.4s finished

[2026-03-09 03:54:05] Features: 20/32 -- score: 0.568676716917923[Parallel(n_jobs=-1)]: Using backend LokyBackend with 8 concurrent workers.
[Parallel(n_jobs=-1)]: Done   4 out of  12 | elapsed:    1.2s remaining:    2.4s
[Parallel(n_jobs=-1)]: Done  12 out of  12 | elapsed:    2.2s finished
[Parallel(n_jobs=-1)]: Using backend LokyBackend with 8 concurrent workers.
[Parallel(n_jobs=-1)]: Done  16 out of  20 | elapsed:    2.8s remaining:    0.7s
[Parallel(n_jobs=-1)]: Done  20 out of  20 | elapsed:    3.9s finished

[2026-03-09 03:54:11] Features: 21/32 -- score: 0.5561139028475712[Parallel(n_jobs=-1)]: Using backend LokyBackend with 8 concurrent workers.
[Parallel(n_jobs=-1)]: Done   2 out of  11 | elapsed:    1.3s remaining:    5.7s
[Parallel(n_jobs=-1)]: Done   8 out of  11 | elapsed:    1.3s remaining:    0.5s
[Parallel(n_jobs=-1)]: Done  11 out of  11 | elapsed:    2.1s finished
[Parallel(n_jobs=-1)]: Using backend LokyBackend with 8 concurrent workers.
[Parallel(n_jobs=-1)]: Done  17 out of  21 | elapsed:    3.4s remaining:    0.8s
[Parallel(n_jobs=-1)]: Done  21 out of  21 | elapsed:    3.5s finished
[Parallel(n_jobs=-1)]: Using backend LokyBackend with 8 concurrent workers.
[Parallel(n_jobs=-1)]: Done  16 out of  20 | elapsed:    2.6s remaining:    0.6s
[Parallel(n_jobs=-1)]: Done  20 out of  20 | elapsed:    3.5s finished

[2026-03-09 03:54:20] Features: 21/32 -- score: 0.5603015075376885[Parallel(n_jobs=-1)]: Using backend LokyBackend with 8 concurrent workers.
[Parallel(n_jobs=-1)]: Done   2 out of  11 | elapsed:    1.2s remaining:    5.4s
[Parallel(n_jobs=-1)]: Done   8 out of  11 | elapsed:    1.3s remaining:    0.5s
[Parallel(n_jobs=-1)]: Done  11 out of  11 | elapsed:    2.1s finished
[Parallel(n_jobs=-1)]: Using backend LokyBackend with 8 concurrent workers.
[Parallel(n_jobs=-1)]: Done  17 out of  21 | elapsed:    3.4s remaining:    0.8s
[Parallel(n_jobs=-1)]: Done  21 out of  21 | elapsed:    3.5s finished

[2026-03-09 03:54:25] Features: 22/32 -- score: 0.5519262981574539[Parallel(n_jobs=-1)]: Using backend LokyBackend with 8 concurrent workers.
[Parallel(n_jobs=-1)]: Done   7 out of  10 | elapsed:    1.2s remaining:    0.5s
[Parallel(n_jobs=-1)]: Done  10 out of  10 | elapsed:    2.0s finished
[Parallel(n_jobs=-1)]: Using backend LokyBackend with 8 concurrent workers.
[Parallel(n_jobs=-1)]: Done  19 out of  22 | elapsed:    3.7s remaining:    0.6s
[Parallel(n_jobs=-1)]: Done  22 out of  22 | elapsed:    3.7s finished

[2026-03-09 03:54:31] Features: 23/32 -- score: 0.5603015075376885[Parallel(n_jobs=-1)]: Using backend LokyBackend with 8 concurrent workers.
[Parallel(n_jobs=-1)]: Done   4 out of   9 | elapsed:    1.2s remaining:    1.6s
[Parallel(n_jobs=-1)]: Done   9 out of   9 | elapsed:    2.0s finished
[Parallel(n_jobs=-1)]: Using backend LokyBackend with 8 concurrent workers.
[Parallel(n_jobs=-1)]: Done  20 out of  23 | elapsed:    3.5s remaining:    0.5s
[Parallel(n_jobs=-1)]: Done  23 out of  23 | elapsed:    3.6s finished
[Parallel(n_jobs=-1)]: Using backend LokyBackend with 8 concurrent workers.
[Parallel(n_jobs=-1)]: Done  19 out of  22 | elapsed:    3.6s remaining:    0.6s
[Parallel(n_jobs=-1)]: Done  22 out of  22 | elapsed:    3.7s finished

[2026-03-09 03:54:40] Features: 23/32 -- score: 0.5678391959798995[Parallel(n_jobs=-1)]: Using backend LokyBackend with 8 concurrent workers.
[Parallel(n_jobs=-1)]: Done   4 out of   9 | elapsed:    1.3s remaining:    1.6s
[Parallel(n_jobs=-1)]: Done   9 out of   9 | elapsed:    2.0s finished
[Parallel(n_jobs=-1)]: Using backend LokyBackend with 8 concurrent workers.
[Parallel(n_jobs=-1)]: Done  20 out of  23 | elapsed:    3.4s remaining:    0.5s
[Parallel(n_jobs=-1)]: Done  23 out of  23 | elapsed:    3.5s finished

[2026-03-09 03:54:46] Features: 24/32 -- score: 0.5510887772194305[Parallel(n_jobs=-1)]: Using backend LokyBackend with 8 concurrent workers.
[Parallel(n_jobs=-1)]: Done   3 out of   8 | elapsed:    1.3s remaining:    2.2s
[Parallel(n_jobs=-1)]: Done   8 out of   8 | elapsed:    1.4s finished
[Parallel(n_jobs=-1)]: Using backend LokyBackend with 8 concurrent workers.
[Parallel(n_jobs=-1)]: Done  22 out of  24 | elapsed:    3.9s remaining:    0.4s
[Parallel(n_jobs=-1)]: Done  24 out of  24 | elapsed:    3.9s finished
[Parallel(n_jobs=-1)]: Using backend LokyBackend with 8 concurrent workers.
[Parallel(n_jobs=-1)]: Done  20 out of  23 | elapsed:    3.7s remaining:    0.5s
[Parallel(n_jobs=-1)]: Done  23 out of  23 | elapsed:    3.7s finished

[2026-03-09 03:54:55] Features: 24/32 -- score: 0.5577889447236181[Parallel(n_jobs=-1)]: Using backend LokyBackend with 8 concurrent workers.
[Parallel(n_jobs=-1)]: Done   3 out of   8 | elapsed:    1.4s remaining:    2.3s
[Parallel(n_jobs=-1)]: Done   8 out of   8 | elapsed:    1.4s finished
[Parallel(n_jobs=-1)]: Using backend LokyBackend with 8 concurrent workers.
[Parallel(n_jobs=-1)]: Done  22 out of  24 | elapsed:    3.9s remaining:    0.4s
[Parallel(n_jobs=-1)]: Done  24 out of  24 | elapsed:    3.9s finished
[Parallel(n_jobs=-1)]: Using backend LokyBackend with 8 concurrent workers.
[Parallel(n_jobs=-1)]: Done  20 out of  23 | elapsed:    3.7s remaining:    0.6s
[Parallel(n_jobs=-1)]: Done  23 out of  23 | elapsed:    3.7s finished

[2026-03-09 03:55:04] Features: 24/32 -- score: 0.5670016750418762[Parallel(n_jobs=-1)]: Using backend LokyBackend with 8 concurrent workers.
[Parallel(n_jobs=-1)]: Done   3 out of   8 | elapsed:    1.4s remaining:    2.3s
[Parallel(n_jobs=-1)]: Done   8 out of   8 | elapsed:    1.4s finished
[Parallel(n_jobs=-1)]: Using backend LokyBackend with 8 concurrent workers.
[Parallel(n_jobs=-1)]: Done  22 out of  24 | elapsed:    3.8s remaining:    0.3s
[Parallel(n_jobs=-1)]: Done  24 out of  24 | elapsed:    3.9s finished

[2026-03-09 03:55:09] Features: 25/32 -- score: 0.5577889447236181[Parallel(n_jobs=-1)]: Using backend LokyBackend with 8 concurrent workers.
[Parallel(n_jobs=-1)]: Done   4 out of   7 | elapsed:    1.3s remaining:    1.0s
[Parallel(n_jobs=-1)]: Done   7 out of   7 | elapsed:    1.3s finished
[Parallel(n_jobs=-1)]: Using backend LokyBackend with 8 concurrent workers.
[Parallel(n_jobs=-1)]: Done  23 out of  25 | elapsed:    4.9s remaining:    0.4s
[Parallel(n_jobs=-1)]: Done  25 out of  25 | elapsed:    5.7s finished

[2026-03-09 03:55:16] Features: 26/32 -- score: 0.5510887772194305[Parallel(n_jobs=-1)]: Using backend LokyBackend with 8 concurrent workers.
[Parallel(n_jobs=-1)]: Done   3 out of   6 | elapsed:    1.1s remaining:    1.1s
[Parallel(n_jobs=-1)]: Done   6 out of   6 | elapsed:    1.1s finished
[Parallel(n_jobs=-1)]: Using backend LokyBackend with 8 concurrent workers.
[Parallel(n_jobs=-1)]: Done  26 out of  26 | elapsed:    5.0s finished

[2026-03-09 03:55:22] Features: 27/32 -- score: 0.5661641541038526[Parallel(n_jobs=-1)]: Using backend LokyBackend with 8 concurrent workers.
[Parallel(n_jobs=-1)]: Done   2 out of   5 | elapsed:    1.1s remaining:    1.6s
[Parallel(n_jobs=-1)]: Done   5 out of   5 | elapsed:    1.1s finished
[Parallel(n_jobs=-1)]: Using backend LokyBackend with 8 concurrent workers.
[Parallel(n_jobs=-1)]: Done  27 out of  27 | elapsed:    5.3s finished

[2026-03-09 03:55:29] Features: 28/32 -- score: 0.5469011725293133[Parallel(n_jobs=-1)]: Using backend LokyBackend with 8 concurrent workers.
[Parallel(n_jobs=-1)]: Done   4 out of   4 | elapsed:    1.0s finished
[Parallel(n_jobs=-1)]: Using backend LokyBackend with 8 concurrent workers.
[Parallel(n_jobs=-1)]: Done  28 out of  28 | elapsed:    5.4s finished
[Parallel(n_jobs=-1)]: Using backend LokyBackend with 8 concurrent workers.
[Parallel(n_jobs=-1)]: Done  27 out of  27 | elapsed:    5.2s finished

[2026-03-09 03:55:40] Features: 28/32 -- score: 0.5611390284757118[Parallel(n_jobs=-1)]: Using backend LokyBackend with 8 concurrent workers.
[Parallel(n_jobs=-1)]: Done   4 out of   4 | elapsed:    1.0s finished
[Parallel(n_jobs=-1)]: Using backend LokyBackend with 8 concurrent workers.
[Parallel(n_jobs=-1)]: Done  28 out of  28 | elapsed:    5.3s finished

[2026-03-09 03:55:47] Features: 29/32 -- score: 0.5469011725293133[Parallel(n_jobs=-1)]: Using backend LokyBackend with 8 concurrent workers.
[Parallel(n_jobs=-1)]: Done   3 out of   3 | elapsed:    0.9s finished
[Parallel(n_jobs=-1)]: Using backend LokyBackend with 8 concurrent workers.
[Parallel(n_jobs=-1)]: Done  29 out of  29 | elapsed:    5.4s finished

[2026-03-09 03:55:53] Features: 30/32 -- score: 0.5485762144053602[Parallel(n_jobs=-1)]: Using backend LokyBackend with 8 concurrent workers.
[Parallel(n_jobs=-1)]: Done   2 out of   2 | elapsed:    0.8s finished
[Parallel(n_jobs=-1)]: Using backend LokyBackend with 8 concurrent workers.
[Parallel(n_jobs=-1)]: Done  30 out of  30 | elapsed:    5.7s finished

[2026-03-09 03:56:00] Features: 31/32 -- score: 0.5368509212730318[Parallel(n_jobs=-1)]: Using backend LokyBackend with 8 concurrent workers.
[Parallel(n_jobs=-1)]: Using backend LokyBackend with 8 concurrent workers.
[Parallel(n_jobs=-1)]: Done  31 out of  31 | elapsed:    5.6s finished
[Parallel(n_jobs=-1)]: Using backend LokyBackend with 8 concurrent workers.
[Parallel(n_jobs=-1)]: Done  30 out of  30 | elapsed:    5.9s finished
[Parallel(n_jobs=-1)]: Using backend LokyBackend with 8 concurrent workers.
[Parallel(n_jobs=-1)]: Done  29 out of  29 | elapsed:    6.2s finished

[2026-03-09 03:56:18] Features: 30/32 -- score: 0.5494137353433836[Parallel(n_jobs=-1)]: Using backend LokyBackend with 8 concurrent workers.
[Parallel(n_jobs=-1)]: Done   2 out of   2 | elapsed:    0.9s finished
[Parallel(n_jobs=-1)]: Using backend LokyBackend with 8 concurrent workers.
[Parallel(n_jobs=-1)]: Done  30 out of  30 | elapsed:    6.1s finished

[2026-03-09 03:56:25] Features: 31/32 -- score: 0.5477386934673366[Parallel(n_jobs=-1)]: Using backend LokyBackend with 8 concurrent workers.
[Parallel(n_jobs=-1)]: Using backend LokyBackend with 8 concurrent workers.
[Parallel(n_jobs=-1)]: Done  31 out of  31 | elapsed:    6.2s finished

[2026-03-09 03:56:32] Features: 32/32 -- score: 0.5376884422110553/Users/tranghanguyen/STAT-587-Final-Project/PyScripts/Models/H_eval.py:228: UserWarning: FigureCanvasAgg is non-interactive, and thus cannot be shown
  plt.show()
Finished Applying Step-Wise Regression (WFV) -------
Rolling Window Backtest over 44 iterations.
22.73% complete. Current iteration: 10, True iteration: 361
45.45% complete. Current iteration: 20, True iteration: 761
68.18% complete. Current iteration: 30, True iteration: 1161
90.91% complete. Current iteration: 40, True iteration: 1561
Average Rolling Accuracy (train) (rwb): 0.5164 (±0.0779)
Average Rolling Accuracy (test)  (rwb): 0.4917 (±0.0500)
--- Model Report ---
Avg CV Train Accuracy:          0.8271 (±0.0604)
Avg CV Validation Accuracy:  0.5668 (±0.0372)
Avg CV Validation Precision: 0.5994
Avg CV Validation Recall:    0.6285
Final Hold-out (Test) Score (Accuracy): 0.4912
Positive Prediction Rate (Test):        0.5138
True Up Rate (Test):   0.5410
Up Precision (Test):   0.5320
Up Edge Rate (Test):   -0.0090
True Down Rate (Test): 0.4590
Down Precision (Test): 0.4480
Down Edge Rate (Test): -0.0110
             Predicted Down  Predicted Up
Actual Down              87            96
Actual Up               107           109
Utility Score 0.491
Downloaded results to /Users/tranghanguyen/STAT-587-Final-Project/output/results/results.csv
[2026-03-09 03:56:41] EXIT_CODE=0
