
[2026-03-09 10:55:18] CMD: /Library/Frameworks/Python.framework/Versions/3.13/bin/python3 /Users/tranghanguyen/STAT-587-Final-Project/PyScripts/Models/logistic_regression.py
[2026-03-09 10:55:18] ENV: MODEL_N_JOBS=-1 GRID_VARIANT=center GRID_VERSION=v1
/Library/Frameworks/Python.framework/Versions/3.13/lib/python3.13/site-packages/sklearn/linear_model/_logistic.py:1823: FutureWarning: The fitted attributes of LogisticRegressionCV will be simplified in scikit-learn 1.10 to remove redundancy. Set`use_legacy_attributes=False` to enable the new behavior now, or set it to `True` to silence this warning during the transition period while keeping the deprecated behavior for the time being. The default value of use_legacy_attributes will change from True to False in scikit-learn 1.10. See the docstring of LogisticRegressionCV for more details.
  warnings.warn(
/Users/tranghanguyen/STAT-587-Final-Project/PyScripts/Models/H_eval.py:228: UserWarning: FigureCanvasAgg is non-interactive, and thus cannot be shown
  plt.show()
MODEL_N_JOBS=-1 (set env MODEL_N_JOBS to override)
GRID_VARIANT=center (left/center/right)
GRID_VERSION=v1
------- Downloading Data
Finished Downloading Data -------
Initial shape: 2010 rows, 2520 columns.
------- Cleaning data
Finished Cleaning Data -------
Current shape: 2010 rows, 2390 columns.
Created Percent Changes.
Created Target (Regression).
---EXTRA---: Created Day of Week.
---EXTRA---: Created Daily Range.
------- Generating Necessary Features
Created Lag.
Created EMA, Rolling Volatility (Scaled) and Rolling Z-Score.
Created Max/Min Channel Positions/
Created Rolling Volume Weighted Average Price.
---EXTRA---: Created Open Metrics Forward Lag.
Cleaned up Unnecessary Columns.
Created Target (Classification)
Cleaned up remaining/resulting NA values.
---EXTRA---: Grouped Features by Sector Averages.
Current shape: 1928 rows, 187 columns.
---EXTRA---: (corr_level=2) Dropped 88 highly correlated feature columns.
Predictors, and Target (Regression) successfully split.
Finished Generating Features -------
Final shape (X): 1928 rows, 99 columns.
Final shape (y_regression): 1928 rows, 1 columns.
Rolling Window Backtest over 43 iterations.
23.26% complete. Current iteration: 10, True iteration: 361
46.51% complete. Current iteration: 20, True iteration: 761
69.77% complete. Current iteration: 30, True iteration: 1161
93.02% complete. Current iteration: 40, True iteration: 1561
Average Rolling Accuracy (train) (rwb): 0.5338 (±0.0809)
Average Rolling Accuracy (test)  (rwb): 0.5306 (±0.0349)
/Library/Frameworks/Python.framework/Versions/3.13/lib/python3.13/site-packages/sklearn/linear_model/_logistic.py:1823: FutureWarning: The fitted attributes of LogisticRegressionCV will be simplified in scikit-learn 1.10 to remove redundancy. Set`use_legacy_attributes=False` to enable the new behavior now, or set it to `True` to silence this warning during the transition period while keeping the deprecated behavior for the time being. The default value of use_legacy_attributes will change from True to False in scikit-learn 1.10. See the docstring of LogisticRegressionCV for more details.
  warnings.warn(
/Users/tranghanguyen/STAT-587-Final-Project/PyScripts/Models/H_eval.py:228: UserWarning: FigureCanvasAgg is non-interactive, and thus cannot be shown
  plt.show()
/Users/tranghanguyen/STAT-587-Final-Project/PyScripts/Models/H_eval.py:228: UserWarning: FigureCanvasAgg is non-interactive, and thus cannot be shown
  plt.show()
--- Model Report ---
Avg CV Train Accuracy:          0.5605 (±0.0139)
Avg CV Validation Accuracy:  0.5557 (±0.0273)
Avg CV Validation Precision: 0.5546
Avg CV Validation Recall:    0.9163
Final Hold-out (Test) Score (Accuracy): 0.5207
Positive Prediction Rate (Test):        0.8316
True Up Rate (Test):   0.5390
Up Precision (Test):   0.5360
Up Edge Rate (Test):   -0.0030
True Down Rate (Test): 0.4610
Down Precision (Test): 0.4460
Down Edge Rate (Test): -0.0150
             Predicted Down  Predicted Up
Actual Down              29           149
Actual Up                36           172
Utility Score 0.521
Downloaded results to /Users/tranghanguyen/STAT-587-Final-Project/output/results/results.csv
Rolling Window Backtest over 43 iterations.
23.26% complete. Current iteration: 10, True iteration: 361
46.51% complete. Current iteration: 20, True iteration: 761
69.77% complete. Current iteration: 30, True iteration: 1161
93.02% complete. Current iteration: 40, True iteration: 1561
Average Rolling Accuracy (train) (rwb): 0.5279 (±0.0652)
Average Rolling Accuracy (test)  (rwb): 0.5111 (±0.1028)
--- Model Report ---
Avg CV Train Accuracy:          0.6722 (±0.0634)
Avg CV Validation Accuracy:  0.5271 (±0.0542)
Avg CV Validation Precision: 0.5799
Avg CV Validation Recall:    0.4807
Final Hold-out (Test) Score (Accuracy): 0.5181
Positive Prediction Rate (Test):        0.7254
True Up Rate (Test):   0.5390
Up Precision (Test):   0.5390
Up Edge Rate (Test):   0.0000
True Down Rate (Test): 0.4610
Down Precision (Test): 0.4620
Down Edge Rate (Test): 0.0010
             Predicted Down  Predicted Up
Actual Down              49           129
Actual Up                57           151
Utility Score 0.518
Downloaded results to /Users/tranghanguyen/STAT-587-Final-Project/output/results/results.csv
Rolling Window Backtest over 43 iterations.
23.26% complete. Current iteration: 10, True iteration: 361
46.51% complete. Current iteration: 20, True iteration: 761
69.77% complete. Current iteration: 30, True iteration: 1161
93.02% complete. Current iteration: 40, True iteration: 1561
Average Rolling Accuracy (train) (rwb): 0.5007 (±0.0787)
Average Rolling Accuracy (test)  (rwb): 0.4528 (±0.0794)
--- Model Report ---
Avg CV Train Accuracy:          0.5835 (±0.0260)
Avg CV Validation Accuracy:  0.5257 (±0.0456)
Avg CV Validation Precision: 0.5848
Avg CV Validation Recall:    0.4793
Final Hold-out (Test) Score (Accuracy): 0.4922
Positive Prediction Rate (Test):        0.3264
True Up Rate (Test):   0.5390
Up Precision (Test):   0.5480
Up Edge Rate (Test):   0.0090
True Down Rate (Test): 0.4610
Down Precision (Test): 0.4650
Down Edge Rate (Test): 0.0040
             Predicted Down  Predicted Up
Actual Down             121            57
Actual Up               139            69
Utility Score 0.492
Downloaded results to /Users/tranghanguyen/STAT-587-Final-Project/output/results/results.csv
[2026-03-09 10:55:23] EXIT_CODE=0
