
[2026-03-09 10:55:23] CMD: /Library/Frameworks/Python.framework/Versions/3.13/bin/python3 /Users/tranghanguyen/STAT-587-Final-Project/PyScripts/Models/random_forest.py
[2026-03-09 10:55:23] ENV: MODEL_N_JOBS=-1 GRID_VARIANT=center GRID_VERSION=v1
MODEL_N_JOBS=-1 (set env MODEL_N_JOBS to override)
GRID_VARIANT=center (left/center/right)
GRID_VERSION=v1
------- Downloading Data
Finished Downloading Data -------
Initial shape: 2010 rows, 2520 columns.
------- Cleaning data
Finished Cleaning Data -------
Current shape: 2010 rows, 2390 columns.
Created Percent Changes.
Created Target (Regression).
---EXTRA---: Created Day of Week.
---EXTRA---: Created Daily Range.
------- Generating Necessary Features
Created Lag.
Created EMA, Rolling Volatility (Scaled) and Rolling Z-Score.
Created Max/Min Channel Positions/
Created Rolling Volume Weighted Average Price.
---EXTRA---: Created Open Metrics Forward Lag.
Cleaned up Unnecessary Columns.
Created Target (Classification)
Cleaned up remaining/resulting NA values.
---EXTRA---: Grouped Features by Sector Averages.
Current shape: 1928 rows, 187 columns.
Predictors, and Target (Regression) successfully split.
Finished Generating Features -------
Final shape (X): 1928 rows, 187 columns.
Final shape (y_regression): 1928 rows, 1 columns.


------- Base RF Model -------
/Users/tranghanguyen/STAT-587-Final-Project/PyScripts/Models/H_eval.py:228: UserWarning: FigureCanvasAgg is non-interactive, and thus cannot be shown
  plt.show()
/Users/tranghanguyen/STAT-587-Final-Project/PyScripts/Models/H_eval.py:228: UserWarning: FigureCanvasAgg is non-interactive, and thus cannot be shown
  plt.show()
/Users/tranghanguyen/STAT-587-Final-Project/PyScripts/Models/H_eval.py:228: UserWarning: FigureCanvasAgg is non-interactive, and thus cannot be shown
  plt.show()
/Users/tranghanguyen/STAT-587-Final-Project/PyScripts/Models/H_eval.py:228: UserWarning: FigureCanvasAgg is non-interactive, and thus cannot be shown
  plt.show()
Rolling Window Backtest over 43 iterations.
23.26% complete. Current iteration: 10, True iteration: 361
46.51% complete. Current iteration: 20, True iteration: 761
69.77% complete. Current iteration: 30, True iteration: 1161
93.02% complete. Current iteration: 40, True iteration: 1561
Average Rolling Accuracy (train) (rwb): 0.5074 (±0.0890)
Average Rolling Accuracy (test)  (rwb): 0.4833 (±0.0850)
--- Model Report ---
Avg CV Train Accuracy:          0.7237 (±0.0465)
Avg CV Validation Accuracy:  0.5128 (±0.0378)
Avg CV Validation Precision: 0.5748
Avg CV Validation Recall:    0.4234
Final Hold-out (Test) Score (Accuracy): 0.4793
Positive Prediction Rate (Test):        0.3187
True Up Rate (Test):   0.5390
Up Precision (Test):   0.5280
Up Edge Rate (Test):   -0.0110
True Down Rate (Test): 0.4610
Down Precision (Test): 0.4560
Down Edge Rate (Test): -0.0050
             Predicted Down  Predicted Up
Actual Down             120            58
Actual Up               143            65
Utility Score 0.479
Downloaded results to /Users/tranghanguyen/STAT-587-Final-Project/output/results/results.csv


------- PCA RF Model -------
Rolling Window Backtest over 43 iterations.
23.26% complete. Current iteration: 10, True iteration: 361
46.51% complete. Current iteration: 20, True iteration: 761
69.77% complete. Current iteration: 30, True iteration: 1161
93.02% complete. Current iteration: 40, True iteration: 1561
Average Rolling Accuracy (train) (rwb): 0.5191 (±0.0642)
Average Rolling Accuracy (test)  (rwb): 0.4694 (±0.0695)
--- Model Report ---
Avg CV Train Accuracy:          0.6891 (±0.0476)
Avg CV Validation Accuracy:  0.5035 (±0.0391)
Avg CV Validation Precision: 0.5626
Avg CV Validation Recall:    0.4259
Final Hold-out (Test) Score (Accuracy): 0.5130
Positive Prediction Rate (Test):        0.4974
True Up Rate (Test):   0.5390
Up Precision (Test):   0.5520
Up Edge Rate (Test):   0.0130
True Down Rate (Test): 0.4610
Down Precision (Test): 0.4740
Down Edge Rate (Test): 0.0130
             Predicted Down  Predicted Up
Actual Down              92            86
Actual Up               102           106
Utility Score 0.513
Downloaded results to /Users/tranghanguyen/STAT-587-Final-Project/output/results/results.csv


------- LASSO RF Model -------
Rolling Window Backtest over 43 iterations.
23.26% complete. Current iteration: 10, True iteration: 361
46.51% complete. Current iteration: 20, True iteration: 761
69.77% complete. Current iteration: 30, True iteration: 1161
93.02% complete. Current iteration: 40, True iteration: 1561
Average Rolling Accuracy (train) (rwb): 0.5147 (±0.0834)
Average Rolling Accuracy (test)  (rwb): 0.4889 (±0.0867)
--- Model Report ---
Avg CV Train Accuracy:          0.7261 (±0.0512)
Avg CV Validation Accuracy:  0.5175 (±0.0346)
Avg CV Validation Precision: 0.5843
Avg CV Validation Recall:    0.4186
Final Hold-out (Test) Score (Accuracy): 0.4896
Positive Prediction Rate (Test):        0.3083
True Up Rate (Test):   0.5390
Up Precision (Test):   0.5460
Up Edge Rate (Test):   0.0070
True Down Rate (Test): 0.4610
Down Precision (Test): 0.4640
Down Edge Rate (Test): 0.0030
             Predicted Down  Predicted Up
Actual Down             124            54
Actual Up               143            65
Utility Score 0.49
Downloaded results to /Users/tranghanguyen/STAT-587-Final-Project/output/results/results.csv


------- RIDGE RF Model -------
Rolling Window Backtest over 43 iterations.
23.26% complete. Current iteration: 10, True iteration: 361
46.51% complete. Current iteration: 20, True iteration: 761
69.77% complete. Current iteration: 30, True iteration: 1161
93.02% complete. Current iteration: 40, True iteration: 1561
Average Rolling Accuracy (train) (rwb): 0.5110 (±0.0873)
Average Rolling Accuracy (test)  (rwb): 0.4611 (±0.1106)
--- Model Report ---
Avg CV Train Accuracy:          0.6837 (±0.0510)
Avg CV Validation Accuracy:  0.5191 (±0.0327)
Avg CV Validation Precision: 0.5831
Avg CV Validation Recall:    0.4086
Final Hold-out (Test) Score (Accuracy): 0.4922
Positive Prediction Rate (Test):        0.4301
True Up Rate (Test):   0.5390
Up Precision (Test):   0.5360
Up Edge Rate (Test):   -0.0030
True Down Rate (Test): 0.4610
Down Precision (Test): 0.4590
Down Edge Rate (Test): -0.0020
             Predicted Down  Predicted Up
Actual Down             101            77
Actual Up               119            89
Utility Score 0.492
Downloaded results to /Users/tranghanguyen/STAT-587-Final-Project/output/results/results.csv


------- STEP-WISE RF Model skipped (disabled) -------
[2026-03-09 10:56:42] EXIT_CODE=0
